2024-06-20 14:29:59,644 [Worker-6: Loading available Gradle versions] INFO  o.e.b.c.i.u.g.PublishedGradleVersions - Gradle version information cache is up-to-date. Trying to read.
2024-06-20 14:33:04,780 [Worker-16: Building] INFO  o.e.m.c.i.l.LifecycleMappingFactory - Using org.eclipse.m2e.jdt.JarLifecycleMapping lifecycle mapping for MavenProject: com.skillstorm:project-1:0.0.1-SNAPSHOT @ C:\Users\gstcl\OneDrive\Desktop\Web Development\SkillStorm\Project1\project-1\pom.xml.
2024-06-20 14:33:06,212 [Worker-16: Building] INFO  o.a.m.s.f.DefaultMavenResourcesFiltering - Copying 1 resource from src\main\resources to target\classes
2024-06-20 14:33:06,237 [Worker-16: Building] INFO  o.a.m.s.f.DefaultMavenResourcesFiltering - Copying 0 resource from src\main\resources to target\classes
2024-06-20 14:33:06,245 [Worker-16: Building] INFO  o.a.m.s.f.DefaultMavenResourcesFiltering - skip non existing resourceDirectory C:\Users\gstcl\OneDrive\Desktop\Web Development\SkillStorm\Project1\project-1\src\test\resources
2024-06-20 14:33:06,479 [Worker-10: Updating Maven Dependencies] INFO  o.e.m.c.i.l.LifecycleMappingFactory - Using org.eclipse.m2e.jdt.JarLifecycleMapping lifecycle mapping for MavenProject: com.skillstorm:project-1:0.0.1-SNAPSHOT @ C:\Users\gstcl\OneDrive\Desktop\Web Development\SkillStorm\Project1\project-1\pom.xml.
2024-06-20 14:33:06,896 [Worker-16: Building] INFO  o.a.m.s.f.DefaultMavenResourcesFiltering - Copying 1 resource from src\main\resources to target\classes
2024-06-20 14:33:06,898 [Worker-16: Building] INFO  o.a.m.s.f.DefaultMavenResourcesFiltering - Copying 0 resource from src\main\resources to target\classes
2024-06-20 14:33:06,904 [Worker-16: Building] INFO  o.a.m.s.f.DefaultMavenResourcesFiltering - skip non existing resourceDirectory C:\Users\gstcl\OneDrive\Desktop\Web Development\SkillStorm\Project1\project-1\src\test\resources
2024-06-20 14:35:19,006 [Worker-17: Building] INFO  o.e.m.c.i.l.LifecycleMappingFactory - Using org.eclipse.m2e.jdt.JarLifecycleMapping lifecycle mapping for MavenProject: com.skillstorm:day6:0.0.1-SNAPSHOT @ C:\Users\gstcl\OneDrive\Desktop\Web Development\SkillStorm\day6\pom.xml.
2024-06-20 14:35:19,639 [Worker-17: Building] WARN  o.a.m.s.f.DefaultMavenResourcesFiltering - Using platform encoding (UTF-8 actually) to copy filtered resources, i.e. build is platform dependent!
2024-06-20 14:35:19,642 [Worker-17: Building] INFO  o.a.m.s.f.DefaultMavenResourcesFiltering - Copying 0 resource from src\main\resources to target\classes
2024-06-20 14:35:19,648 [Worker-17: Building] WARN  o.a.m.s.f.DefaultMavenResourcesFiltering - Using platform encoding (UTF-8 actually) to copy filtered resources, i.e. build is platform dependent!
2024-06-20 14:35:19,649 [Worker-17: Building] INFO  o.a.m.s.f.DefaultMavenResourcesFiltering - Copying 0 resource from src\test\resources to target\test-classes
2024-06-20 14:35:20,092 [Worker-17: Building] WARN  o.a.m.s.f.DefaultMavenResourcesFiltering - Using platform encoding (UTF-8 actually) to copy filtered resources, i.e. build is platform dependent!
2024-06-20 14:35:20,094 [Worker-17: Building] INFO  o.a.m.s.f.DefaultMavenResourcesFiltering - Copying 0 resource from src\main\resources to target\classes
2024-06-20 14:35:20,099 [Worker-17: Building] WARN  o.a.m.s.f.DefaultMavenResourcesFiltering - Using platform encoding (UTF-8 actually) to copy filtered resources, i.e. build is platform dependent!
2024-06-20 14:35:20,101 [Worker-17: Building] INFO  o.a.m.s.f.DefaultMavenResourcesFiltering - Copying 0 resource from src\test\resources to target\test-classes
2024-06-20 14:35:20,277 [Worker-20: Updating Maven Dependencies] INFO  o.e.m.c.i.l.LifecycleMappingFactory - Using org.eclipse.m2e.jdt.JarLifecycleMapping lifecycle mapping for MavenProject: com.skillstorm:day6:0.0.1-SNAPSHOT @ C:\Users\gstcl\OneDrive\Desktop\Web Development\SkillStorm\day6\pom.xml.
2024-06-20 14:35:59,540 [Worker-21: Building] INFO  o.e.m.c.i.l.LifecycleMappingFactory - Using org.eclipse.m2e.jdt.JarLifecycleMapping lifecycle mapping for MavenProject: com.skillstorm:day-06:0.0.1-SNAPSHOT @ C:\Users\gstcl\OneDrive\Desktop\Web Development\SkillStorm\day-06\pom.xml.
2024-06-20 14:36:00,004 [Worker-21: Building] INFO  o.a.m.s.f.DefaultMavenResourcesFiltering - skip non existing resourceDirectory C:\Users\gstcl\OneDrive\Desktop\Web Development\SkillStorm\day-06\src\main\resources
2024-06-20 14:36:00,007 [Worker-21: Building] INFO  o.a.m.s.f.DefaultMavenResourcesFiltering - skip non existing resourceDirectory C:\Users\gstcl\OneDrive\Desktop\Web Development\SkillStorm\day-06\src\test\resources
2024-06-20 14:36:00,164 [Worker-21: Updating Maven Dependencies] INFO  o.e.m.c.i.l.LifecycleMappingFactory - Using org.eclipse.m2e.jdt.JarLifecycleMapping lifecycle mapping for MavenProject: com.skillstorm:day-06:0.0.1-SNAPSHOT @ C:\Users\gstcl\OneDrive\Desktop\Web Development\SkillStorm\day-06\pom.xml.
2024-06-20 14:36:00,521 [Worker-17: Building] INFO  o.a.m.s.f.DefaultMavenResourcesFiltering - skip non existing resourceDirectory C:\Users\gstcl\OneDrive\Desktop\Web Development\SkillStorm\day-06\src\main\resources
2024-06-20 14:36:00,524 [Worker-17: Building] INFO  o.a.m.s.f.DefaultMavenResourcesFiltering - skip non existing resourceDirectory C:\Users\gstcl\OneDrive\Desktop\Web Development\SkillStorm\day-06\src\test\resources
2024-06-20 14:36:33,686 [Worker-20: Building] INFO  o.e.m.c.i.l.LifecycleMappingFactory - Using org.eclipse.m2e.jdt.JarLifecycleMapping lifecycle mapping for MavenProject: com.skillstorm:springtest:0.0.1-SNAPSHOT @ C:\Users\gstcl\OneDrive\Desktop\Web Development\SkillStorm\springtest\pom.xml.
2024-06-20 14:36:34,674 [Worker-20: Building] INFO  o.a.m.s.f.DefaultMavenResourcesFiltering - Copying 1 resource from src\main\resources to target\classes
2024-06-20 14:36:34,694 [Worker-20: Building] INFO  o.a.m.s.f.DefaultMavenResourcesFiltering - Copying 0 resource from src\main\resources to target\classes
2024-06-20 14:36:34,701 [Worker-20: Building] INFO  o.a.m.s.f.DefaultMavenResourcesFiltering - skip non existing resourceDirectory C:\Users\gstcl\OneDrive\Desktop\Web Development\SkillStorm\springtest\src\test\resources
2024-06-20 14:36:35,302 [Worker-19: Updating Maven Dependencies] INFO  o.e.m.c.i.l.LifecycleMappingFactory - Using org.eclipse.m2e.jdt.JarLifecycleMapping lifecycle mapping for MavenProject: com.skillstorm:springtest:0.0.1-SNAPSHOT @ C:\Users\gstcl\OneDrive\Desktop\Web Development\SkillStorm\springtest\pom.xml.
2024-06-20 14:36:36,360 [Worker-10: Building] INFO  o.a.m.s.f.DefaultMavenResourcesFiltering - Copying 1 resource from src\main\resources to target\classes
2024-06-20 14:36:36,381 [Worker-10: Building] INFO  o.a.m.s.f.DefaultMavenResourcesFiltering - Copying 0 resource from src\main\resources to target\classes
2024-06-20 14:36:36,388 [Worker-10: Building] INFO  o.a.m.s.f.DefaultMavenResourcesFiltering - skip non existing resourceDirectory C:\Users\gstcl\OneDrive\Desktop\Web Development\SkillStorm\springtest\src\test\resources
2024-06-20 14:38:13,622 [Worker-21: Building] INFO  o.a.m.s.f.DefaultMavenResourcesFiltering - Copying 1 resource from src\main\resources to target\classes
2024-06-20 14:38:13,629 [Worker-21: Building] INFO  o.a.m.s.f.DefaultMavenResourcesFiltering - Copying 0 resource from src\main\resources to target\classes
2024-06-20 14:38:13,631 [Worker-21: Building] INFO  o.a.m.s.f.DefaultMavenResourcesFiltering - skip non existing resourceDirectory C:\Users\gstcl\OneDrive\Desktop\Web Development\SkillStorm\Project1\project-1\src\test\resources
2024-06-20 14:50:26,617 [Worker-34: Building] INFO  o.a.m.s.f.DefaultMavenResourcesFiltering - Copying 1 resource from src\main\resources to target\classes
2024-06-20 14:50:26,627 [Worker-34: Building] INFO  o.a.m.s.f.DefaultMavenResourcesFiltering - Copying 0 resource from src\main\resources to target\classes
2024-06-20 14:50:26,633 [Worker-34: Building] INFO  o.a.m.s.f.DefaultMavenResourcesFiltering - skip non existing resourceDirectory C:\Users\gstcl\OneDrive\Desktop\Web Development\SkillStorm\Project1\project-1\src\test\resources
2024-06-20 14:57:02,450 [Worker-36: Building] INFO  o.a.m.s.f.DefaultMavenResourcesFiltering - Copying 1 resource from src\main\resources to target\classes
2024-06-20 14:57:02,455 [Worker-36: Building] INFO  o.a.m.s.f.DefaultMavenResourcesFiltering - Copying 0 resource from src\main\resources to target\classes
2024-06-20 14:57:02,456 [Worker-36: Building] INFO  o.a.m.s.f.DefaultMavenResourcesFiltering - skip non existing resourceDirectory C:\Users\gstcl\OneDrive\Desktop\Web Development\SkillStorm\Project1\project-1\src\test\resources
